housekeeping-app/app/build/intermediates/manifest_merge_blame_file/debug/manifest-merger-blame-debug-report.txt
1<?xml version="1.0" encoding="utf-8"?>
2<manifest xmlns:android="http://schemas.android.com/apk/res/android"
3    package="com.wfuhui.housekeeping"
4    android:versionCode="1"
5    android:versionName="1.0" >
6
7    <uses-sdk
8        android:minSdkVersion="21"
8-->src\main\AndroidManifest.xml
9        android:targetSdkVersion="29" />
9-->src\main\AndroidManifest.xml
10
11    <uses-permission android:name="android.permission.CAMERA" />
11-->src\main\AndroidManifest.xml:5:5-65
11-->src\main\AndroidManifest.xml:5:22-62
12
13    <uses-feature android:name="android.hardware.camera" />
13-->src\main\AndroidManifest.xml:6:5-59
13-->src\main\AndroidManifest.xml:6:19-57
14    <uses-feature android:name="android.hardware.camera.autofocus" />
14-->src\main\AndroidManifest.xml:7:5-69
14-->src\main\AndroidManifest.xml:7:19-67
15
16    <uses-permission android:name="android.permission.WRITE_EXTERNAL_STORAGE" />
16-->src\main\AndroidManifest.xml:8:5-80
16-->src\main\AndroidManifest.xml:8:22-78
17    <uses-permission android:name="android.permission.READ_EXTERNAL_STORAGE" />
17-->src\main\AndroidManifest.xml:9:5-80
17-->src\main\AndroidManifest.xml:9:22-77
18    <uses-permission android:name="android.permission.INTERNET" />
18-->src\main\AndroidManifest.xml:10:5-67
18-->src\main\AndroidManifest.xml:10:22-64
19
20    <application
20-->src\main\AndroidManifest.xml:12:5-90:19
21        android:allowBackup="true"
21-->src\main\AndroidManifest.xml:13:9-35
22        android:appComponentFactory="androidx.core.app.CoreComponentFactory"
22-->[androidx.core:core:1.3.0] AndroidManifest.xml:24:18-86
23        android:debuggable="true"
24        android:icon="@mipmap/ic_launcher"
24-->src\main\AndroidManifest.xml:14:9-43
25        android:label="@string/app_name"
25-->src\main\AndroidManifest.xml:15:9-41
26        android:networkSecurityConfig="@xml/network_security_config"
26-->src\main\AndroidManifest.xml:16:9-69
27        android:roundIcon="@mipmap/ic_launcher_round"
27-->src\main\AndroidManifest.xml:17:9-54
28        android:supportsRtl="true"
28-->src\main\AndroidManifest.xml:18:9-35
29        android:testOnly="true"
30        android:theme="@style/AppTheme" >
30-->src\main\AndroidManifest.xml:19:9-40
31        <activity
31-->src\main\AndroidManifest.xml:20:9-23:59
32            android:name="com.wfuhui.housekeeping.ui.order.PayActivity"
32-->src\main\AndroidManifest.xml:21:13-49
33            android:label="@string/title_activity_pay"
33-->src\main\AndroidManifest.xml:22:13-55
34            android:theme="@style/AppTheme.NoActionBar" />
34-->src\main\AndroidManifest.xml:23:13-56
35        <activity
35-->src\main\AndroidManifest.xml:24:9-27:59
36            android:name="com.wfuhui.housekeeping.ui.address.AddressAddActivity"
36-->src\main\AndroidManifest.xml:25:13-58
37            android:label="@string/title_activity_address_add"
37-->src\main\AndroidManifest.xml:26:13-63
38            android:theme="@style/AppTheme.NoActionBar" />
38-->src\main\AndroidManifest.xml:27:13-56
39        <activity
39-->src\main\AndroidManifest.xml:28:9-31:59
40            android:name="com.wfuhui.housekeeping.ui.order.OrderActivity"
40-->src\main\AndroidManifest.xml:29:13-51
41            android:label="@string/title_activity_order"
41-->src\main\AndroidManifest.xml:30:13-57
42            android:theme="@style/AppTheme.NoActionBar" />
42-->src\main\AndroidManifest.xml:31:13-56
43        <activity
43-->src\main\AndroidManifest.xml:32:9-35:59
44            android:name="com.wfuhui.housekeeping.ui.order.ConfirmActivity"
44-->src\main\AndroidManifest.xml:33:13-53
45            android:label="@string/title_activity_confirm"
45-->src\main\AndroidManifest.xml:34:13-59
46            android:theme="@style/AppTheme.NoActionBar" />
46-->src\main\AndroidManifest.xml:35:13-56
47        <activity
47-->src\main\AndroidManifest.xml:36:9-39:59
48            android:name="com.wfuhui.housekeeping.ui.order.EvaluationActivity"
48-->src\main\AndroidManifest.xml:37:13-56
49            android:label="@string/title_activity_evaluation"
49-->src\main\AndroidManifest.xml:38:13-62
50            android:theme="@style/AppTheme.NoActionBar" />
50-->src\main\AndroidManifest.xml:39:13-56
51        <activity
51-->src\main\AndroidManifest.xml:40:9-43:59
52            android:name="com.wfuhui.housekeeping.ui.address.AddressActivity"
52-->src\main\AndroidManifest.xml:41:13-55
53            android:label="@string/title_activity_address"
53-->src\main\AndroidManifest.xml:42:13-59
54            android:theme="@style/AppTheme.NoActionBar" />
54-->src\main\AndroidManifest.xml:43:13-56
55        <activity
55-->src\main\AndroidManifest.xml:44:9-47:59
56            android:name="com.wfuhui.housekeeping.ui.project.DetailActivity"
56-->src\main\AndroidManifest.xml:45:13-54
57            android:label="@string/title_activity_detail"
57-->src\main\AndroidManifest.xml:46:13-58
58            android:theme="@style/AppTheme.NoActionBar" />
58-->src\main\AndroidManifest.xml:47:13-56
59        <activity
59-->src\main\AndroidManifest.xml:48:9-51:59
60            android:name="com.wfuhui.housekeeping.ui.teacher.TeacherDetailActivity"
60-->src\main\AndroidManifest.xml:49:13-61
61            android:label="@string/title_activity_teacher_detail"
61-->src\main\AndroidManifest.xml:50:13-66
62            android:theme="@style/AppTheme.NoActionBar" />
62-->src\main\AndroidManifest.xml:51:13-56
63        <activity
63-->src\main\AndroidManifest.xml:52:9-55:59
64            android:name="com.wfuhui.housekeeping.ui.project.ListActivity"
64-->src\main\AndroidManifest.xml:53:13-52
65            android:label="@string/title_activity_list"
65-->src\main\AndroidManifest.xml:54:13-56
66            android:theme="@style/AppTheme.NoActionBar" />
66-->src\main\AndroidManifest.xml:55:13-56
67        <activity
67-->src\main\AndroidManifest.xml:56:9-59:59
68            android:name="com.wfuhui.housekeeping.ui.login.LoginActivity"
68-->src\main\AndroidManifest.xml:57:13-51
69            android:label="@string/title_activity_login"
69-->src\main\AndroidManifest.xml:58:13-57
70            android:theme="@style/AppTheme.NoActionBar" />
70-->src\main\AndroidManifest.xml:59:13-56
71        <activity
71-->src\main\AndroidManifest.xml:60:9-63:59
72            android:name="com.wfuhui.housekeeping.ui.login.RegisterActivity"
72-->src\main\AndroidManifest.xml:61:13-54
73            android:label="@string/title_activity_register"
73-->src\main\AndroidManifest.xml:62:13-60
74            android:theme="@style/AppTheme.NoActionBar" />
74-->src\main\AndroidManifest.xml:63:13-56
75        <activity
75-->src\main\AndroidManifest.xml:64:9-67:59
76            android:name="com.wfuhui.housekeeping.ui.mine.UserActivity"
76-->src\main\AndroidManifest.xml:65:13-49
77            android:label="@string/title_activity_user"
77-->src\main\AndroidManifest.xml:66:13-56
78            android:theme="@style/AppTheme.NoActionBar" />
78-->src\main\AndroidManifest.xml:67:13-56
79        <activity
79-->src\main\AndroidManifest.xml:70:9-78:20
80            android:name="com.wfuhui.housekeeping.MainActivity"
80-->src\main\AndroidManifest.xml:71:13-41
81            android:label="@string/app_name" >
81-->src\main\AndroidManifest.xml:72:13-45
82            <intent-filter>
82-->src\main\AndroidManifest.xml:73:13-77:29
83                <action android:name="android.intent.action.MAIN" />
83-->src\main\AndroidManifest.xml:74:17-69
83-->src\main\AndroidManifest.xml:74:25-66
84
85                <category android:name="android.intent.category.LAUNCHER" />
85-->src\main\AndroidManifest.xml:76:17-77
85-->src\main\AndroidManifest.xml:76:27-74
86            </intent-filter>
87        </activity>
88
89        <!-- 7.0以上摄像头调取 -->
90        <provider
90-->src\main\AndroidManifest.xml:81:9-89:20
91            android:name="androidx.core.content.FileProvider"
91-->src\main\AndroidManifest.xml:82:13-62
92            android:authorities="com.wfuhui.base.fileprovider"
92-->src\main\AndroidManifest.xml:83:13-63
93            android:exported="false"
93-->src\main\AndroidManifest.xml:84:13-37
94            android:grantUriPermissions="true" >
94-->src\main\AndroidManifest.xml:85:13-47
95            <meta-data
95-->src\main\AndroidManifest.xml:86:13-88:54
96                android:name="android.support.FILE_PROVIDER_PATHS"
96-->src\main\AndroidManifest.xml:87:17-67
97                android:resource="@xml/file_paths" />
97-->src\main\AndroidManifest.xml:88:17-51
98        </provider>
99
100        <activity
100-->[com.github.crazyandcoder:citypicker:6.0.2] AndroidManifest.xml:15:9-19:20
101            android:name="com.lljjcoder.style.citylist.CityListSelectActivity"
101-->[com.github.crazyandcoder:citypicker:6.0.2] AndroidManifest.xml:16:13-79
102            android:screenOrientation="portrait"
102-->[com.github.crazyandcoder:citypicker:6.0.2] AndroidManifest.xml:17:13-49
103            android:windowSoftInputMode="adjustNothing|stateUnchanged" >
103-->[com.github.crazyandcoder:citypicker:6.0.2] AndroidManifest.xml:18:13-71
104        </activity>
105        <activity
105-->[com.github.crazyandcoder:citypicker:6.0.2] AndroidManifest.xml:20:9-24:20
106            android:name="com.lljjcoder.style.citythreelist.ProvinceActivity"
106-->[com.github.crazyandcoder:citypicker:6.0.2] AndroidManifest.xml:21:13-78
107            android:screenOrientation="portrait"
107-->[com.github.crazyandcoder:citypicker:6.0.2] AndroidManifest.xml:22:13-49
108            android:windowSoftInputMode="adjustNothing|stateUnchanged" >
108-->[com.github.crazyandcoder:citypicker:6.0.2] AndroidManifest.xml:23:13-71
109        </activity>
110        <activity
110-->[com.github.crazyandcoder:citypicker:6.0.2] AndroidManifest.xml:25:9-29:20
111            android:name="com.lljjcoder.style.citythreelist.CityActivity"
111-->[com.github.crazyandcoder:citypicker:6.0.2] AndroidManifest.xml:26:13-74
112            android:screenOrientation="portrait"
112-->[com.github.crazyandcoder:citypicker:6.0.2] AndroidManifest.xml:27:13-49
113            android:windowSoftInputMode="adjustNothing|stateUnchanged" >
113-->[com.github.crazyandcoder:citypicker:6.0.2] AndroidManifest.xml:28:13-71
114        </activity>
115        <activity
115-->[com.github.crazyandcoder:citypicker:6.0.2] AndroidManifest.xml:30:9-34:20
116            android:name="com.lljjcoder.style.citythreelist.AreaActivity"
116-->[com.github.crazyandcoder:citypicker:6.0.2] AndroidManifest.xml:31:13-74
117            android:screenOrientation="portrait"
117-->[com.github.crazyandcoder:citypicker:6.0.2] AndroidManifest.xml:32:13-49
118            android:windowSoftInputMode="adjustNothing|stateUnchanged" >
118-->[com.github.crazyandcoder:citypicker:6.0.2] AndroidManifest.xml:33:13-71
119        </activity>
120
121        <provider
121-->[androidx.lifecycle:lifecycle-process:2.0.0] AndroidManifest.xml:23:9-27:43
122            android:name="androidx.lifecycle.ProcessLifecycleOwnerInitializer"
122-->[androidx.lifecycle:lifecycle-process:2.0.0] AndroidManifest.xml:24:13-79
123            android:authorities="com.wfuhui.housekeeping.lifecycle-process"
123-->[androidx.lifecycle:lifecycle-process:2.0.0] AndroidManifest.xml:25:13-69
124            android:exported="false"
124-->[androidx.lifecycle:lifecycle-process:2.0.0] AndroidManifest.xml:26:13-37
125            android:multiprocess="true" />
125-->[androidx.lifecycle:lifecycle-process:2.0.0] AndroidManifest.xml:27:13-40
126    </application>
127
128</manifest>